[2024-05-02 00:25:17.822 +00:00] [INF] [84] Emby.Server.Implementations.ScheduledTasks.TaskManager: "IntervalTrigger" fired for task: "Actualizar personas"
[2024-05-02 00:25:17.824 +00:00] [INF] [84] Emby.Server.Implementations.ScheduledTasks.TaskManager: Queuing task "PeopleValidationTask"
[2024-05-02 00:25:17.825 +00:00] [INF] [84] Emby.Server.Implementations.ScheduledTasks.TaskManager: Executing "Actualizar personas"
[2024-05-02 00:25:18.231 +00:00] [INF] [84] Emby.Server.Implementations.Library.LibraryManager: People validation complete
[2024-05-02 00:25:18.231 +00:00] [INF] [84] Emby.Server.Implementations.ScheduledTasks.TaskManager: "Actualizar personas" Completed after 0 minute(s) and 0 seconds
[2024-05-02 00:25:18.233 +00:00] [INF] [84] Emby.Server.Implementations.ScheduledTasks.TaskManager: ExecuteQueuedTasks
[2024-05-02 00:47:53.995 +00:00] [INF] [80] Emby.Server.Implementations.ScheduledTasks.TaskManager: "IntervalTrigger" fired for task: "Descargar subtítulos faltantes"
[2024-05-02 00:47:53.996 +00:00] [INF] [80] Emby.Server.Implementations.ScheduledTasks.TaskManager: Queuing task "SubtitleScheduledTask"
[2024-05-02 00:47:53.996 +00:00] [INF] [80] Emby.Server.Implementations.ScheduledTasks.TaskManager: Executing "Descargar subtítulos faltantes"
[2024-05-02 00:47:54.019 +00:00] [INF] [80] Emby.Server.Implementations.ScheduledTasks.TaskManager: "Descargar subtítulos faltantes" Completed after 0 minute(s) and 0 seconds
[2024-05-02 00:47:54.021 +00:00] [INF] [80] Emby.Server.Implementations.ScheduledTasks.TaskManager: ExecuteQueuedTasks
[2024-05-02 00:47:54.131 +00:00] [INF] [80] Emby.Server.Implementations.ScheduledTasks.TaskManager: "IntervalTrigger" fired for task: "Limpiar directorio de registros"
[2024-05-02 00:47:54.132 +00:00] [INF] [80] Emby.Server.Implementations.ScheduledTasks.TaskManager: Queuing task "DeleteLogFileTask"
[2024-05-02 00:47:54.132 +00:00] [INF] [80] Emby.Server.Implementations.ScheduledTasks.TaskManager: Executing "Limpiar directorio de registros"
[2024-05-02 00:47:54.147 +00:00] [INF] [80] Emby.Server.Implementations.ScheduledTasks.TaskManager: "Limpiar directorio de registros" Completed after 0 minute(s) and 0 seconds
[2024-05-02 00:47:54.149 +00:00] [INF] [80] Emby.Server.Implementations.ScheduledTasks.TaskManager: ExecuteQueuedTasks
[2024-05-02 00:47:54.271 +00:00] [INF] [80] Emby.Server.Implementations.ScheduledTasks.TaskManager: "IntervalTrigger" fired for task: "Limpiar directorio de transcodificación"
[2024-05-02 00:47:54.271 +00:00] [INF] [80] Emby.Server.Implementations.ScheduledTasks.TaskManager: Queuing task "DeleteTranscodeFileTask"
[2024-05-02 00:47:54.272 +00:00] [INF] [80] Emby.Server.Implementations.ScheduledTasks.TaskManager: Executing "Limpiar directorio de transcodificación"
[2024-05-02 00:47:54.287 +00:00] [INF] [80] Emby.Server.Implementations.ScheduledTasks.TaskManager: "Limpiar directorio de transcodificación" Completed after 0 minute(s) and 0 seconds
[2024-05-02 00:47:54.290 +00:00] [INF] [80] Emby.Server.Implementations.ScheduledTasks.TaskManager: ExecuteQueuedTasks
[2024-05-02 00:47:54.673 +00:00] [INF] [80] Emby.Server.Implementations.ScheduledTasks.TaskManager: "IntervalTrigger" fired for task: "Limpiar directorio caché"
[2024-05-02 00:47:54.673 +00:00] [INF] [80] Emby.Server.Implementations.ScheduledTasks.TaskManager: Queuing task "DeleteCacheFileTask"
[2024-05-02 00:47:54.674 +00:00] [INF] [80] Emby.Server.Implementations.ScheduledTasks.TaskManager: Executing "Limpiar directorio caché"
[2024-05-02 00:47:54.812 +00:00] [INF] [71] Emby.Server.Implementations.ScheduledTasks.TaskManager: "IntervalTrigger" fired for task: "TasksRefreshChannels"
[2024-05-02 00:47:54.812 +00:00] [INF] [71] Emby.Server.Implementations.ScheduledTasks.TaskManager: Queuing task "RefreshChannelsScheduledTask"
[2024-05-02 00:47:54.813 +00:00] [INF] [71] Emby.Server.Implementations.ScheduledTasks.TaskManager: Executing "TasksRefreshChannels"
[2024-05-02 00:47:54.872 +00:00] [INF] [71] Emby.Server.Implementations.ScheduledTasks.TaskManager: "TasksRefreshChannels" Completed after 0 minute(s) and 0 seconds
[2024-05-02 00:47:54.875 +00:00] [INF] [71] Emby.Server.Implementations.ScheduledTasks.TaskManager: ExecuteQueuedTasks
[2024-05-02 00:47:55.016 +00:00] [INF] [80] Emby.Server.Implementations.ScheduledTasks.TaskManager: "Limpiar directorio caché" Completed after 0 minute(s) and 0 seconds
[2024-05-02 00:47:55.019 +00:00] [INF] [80] Emby.Server.Implementations.ScheduledTasks.TaskManager: ExecuteQueuedTasks
[2024-05-02 00:47:55.163 +00:00] [INF] [80] Emby.Server.Implementations.ScheduledTasks.TaskManager: "IntervalTrigger" fired for task: "Optimización de base de datos"
[2024-05-02 00:47:55.163 +00:00] [INF] [80] Emby.Server.Implementations.ScheduledTasks.TaskManager: Queuing task "OptimizeDatabaseTask"
[2024-05-02 00:47:55.164 +00:00] [INF] [71] Emby.Server.Implementations.ScheduledTasks.TaskManager: Executing "Optimización de base de datos"
[2024-05-02 00:47:55.166 +00:00] [INF] [71] Emby.Server.Implementations.ScheduledTasks.Tasks.OptimizeDatabaseTask: Optimizing and vacuuming jellyfin.db...
[2024-05-02 00:47:55.324 +00:00] [INF] [71] Emby.Server.Implementations.ScheduledTasks.Tasks.OptimizeDatabaseTask: jellyfin.db optimized successfully!
[2024-05-02 00:47:55.324 +00:00] [INF] [71] Emby.Server.Implementations.ScheduledTasks.TaskManager: "Optimización de base de datos" Completed after 0 minute(s) and 0 seconds
[2024-05-02 00:47:55.327 +00:00] [INF] [71] Emby.Server.Implementations.ScheduledTasks.TaskManager: ExecuteQueuedTasks
[2024-05-02 00:47:56.658 +00:00] [INF] [80] Emby.Server.Implementations.ScheduledTasks.TaskManager: "IntervalTrigger" fired for task: "Actualizar complementos"
[2024-05-02 00:47:56.659 +00:00] [INF] [80] Emby.Server.Implementations.ScheduledTasks.TaskManager: Queuing task "PluginUpdateTask"
[2024-05-02 00:47:56.659 +00:00] [INF] [80] Emby.Server.Implementations.ScheduledTasks.TaskManager: Executing "Actualizar complementos"
[2024-05-02 00:47:57.363 +00:00] [INF] [73] Emby.Server.Implementations.ScheduledTasks.TaskManager: "IntervalTrigger" fired for task: "Refresh Guide"
[2024-05-02 00:47:57.363 +00:00] [INF] [73] Emby.Server.Implementations.ScheduledTasks.TaskManager: Queuing task "RefreshGuideScheduledTask"
[2024-05-02 00:47:57.363 +00:00] [INF] [80] Emby.Server.Implementations.ScheduledTasks.TaskManager: Executing "Refresh Guide"
[2024-05-02 00:47:58.281 +00:00] [INF] [73] Emby.Server.Implementations.ScheduledTasks.TaskManager: "Actualizar complementos" Completed after 0 minute(s) and 1 seconds
[2024-05-02 00:47:58.282 +00:00] [INF] [73] Emby.Server.Implementations.ScheduledTasks.TaskManager: ExecuteQueuedTasks
[2024-05-02 00:48:00.517 +00:00] [INF] [26] Emby.Server.Implementations.LiveTv.LiveTvManager: Refreshing guide with 7 days of guide data
[2024-05-02 00:48:00.545 +00:00] [INF] [26] Emby.Server.Implementations.ScheduledTasks.TaskManager: "Refresh Guide" Completed after 0 minute(s) and 3 seconds
[2024-05-02 00:48:00.546 +00:00] [INF] [26] Emby.Server.Implementations.ScheduledTasks.TaskManager: ExecuteQueuedTasks
[2024-05-02 02:00:00.004 +00:00] [INF] [70] Emby.Server.Implementations.ScheduledTasks.TaskManager: "DailyTrigger" fired for task: "Extraer imágenes de capítulo"
[2024-05-02 02:00:00.006 +00:00] [INF] [70] Emby.Server.Implementations.ScheduledTasks.TaskManager: Queuing task "ChapterImagesTask"
[2024-05-02 02:00:00.007 +00:00] [INF] [50] Emby.Server.Implementations.ScheduledTasks.TaskManager: Executing "Extraer imágenes de capítulo"
[2024-05-02 02:00:00.154 +00:00] [INF] [50] Emby.Server.Implementations.ScheduledTasks.TaskManager: "Extraer imágenes de capítulo" Completed after 0 minute(s) and 0 seconds
[2024-05-02 02:00:00.164 +00:00] [INF] [50] Emby.Server.Implementations.ScheduledTasks.TaskManager: ExecuteQueuedTasks
[2024-05-02 02:00:01.008 +00:00] [INF] [50] Emby.Server.Implementations.ScheduledTasks.TaskManager: Daily trigger for "Extraer imágenes de capítulo" set to fire at 2024-05-03 02:00:00.000 +00:00, which is 23:59:58.9916649 from now.
[2024-05-02 05:04:20.745 +00:00] [WRN] [45] Emby.Server.Implementations.HttpServer.WebSocketConnection: WS "192.168.1.14" error receiving data: "The remote party closed the WebSocket connection without completing the close handshake."
[2024-05-02 05:04:20.887 +00:00] [INF] [45] Emby.Server.Implementations.HttpServer.WebSocketManager: WS "192.168.1.14" closed
[2024-05-02 08:49:36.011 +00:00] [INF] [61] Emby.Server.Implementations.ScheduledTasks.TaskManager: "IntervalTrigger" fired for task: "Escanear biblioteca multimedia"
[2024-05-02 08:49:36.011 +00:00] [INF] [61] Emby.Server.Implementations.ScheduledTasks.TaskManager: Queuing task "RefreshMediaLibraryTask"
[2024-05-02 08:49:36.013 +00:00] [INF] [61] Emby.Server.Implementations.ScheduledTasks.TaskManager: Executing "Escanear biblioteca multimedia"
[2024-05-02 08:49:36.014 +00:00] [INF] [61] Emby.Server.Implementations.IO.LibraryMonitor: Stopping directory watching for path "/media/Musica"
[2024-05-02 08:49:36.015 +00:00] [INF] [61] Emby.Server.Implementations.IO.LibraryMonitor: Stopping directory watching for path "/media/Peliculas"
[2024-05-02 08:49:36.016 +00:00] [INF] [61] Emby.Server.Implementations.IO.LibraryMonitor: Stopping directory watching for path "/media/Series"
[2024-05-02 08:49:36.018 +00:00] [INF] [61] Emby.Server.Implementations.Library.LibraryManager: Validating media library
[2024-05-02 08:49:36.574 +00:00] [INF] [61] Emby.Drawing.ImageProcessor: Creating image collage and saving to "/cache/temp/b417f18f6485471fa371237316ea6ecb.png"
[2024-05-02 08:49:37.735 +00:00] [INF] [61] Emby.Drawing.ImageProcessor: Completed creation of image collage and saved to "/cache/temp/b417f18f6485471fa371237316ea6ecb.png"
[2024-05-02 08:50:22.705 +00:00] [INF] [69] Emby.Drawing.ImageProcessor: Creating image collage and saving to "/cache/temp/227e3f248a5146f58b6dbeaad575bfe4.png"
[2024-05-02 08:50:24.865 +00:00] [INF] [69] Emby.Drawing.ImageProcessor: Completed creation of image collage and saved to "/cache/temp/227e3f248a5146f58b6dbeaad575bfe4.png"
[2024-05-02 08:50:25.210 +00:00] [INF] [56] Emby.Drawing.ImageProcessor: Creating image collage and saving to "/cache/temp/872ffbdc20d3415da5544cde4eee6cae.png"
[2024-05-02 08:50:28.860 +00:00] [INF] [56] Emby.Drawing.ImageProcessor: Completed creation of image collage and saved to "/cache/temp/872ffbdc20d3415da5544cde4eee6cae.png"
[2024-05-02 08:50:29.225 +00:00] [INF] [44] Emby.Drawing.ImageProcessor: Creating image collage and saving to "/cache/temp/b3c441e583b14253ab870eb652426f06.png"
[2024-05-02 08:50:32.694 +00:00] [INF] [44] Emby.Drawing.ImageProcessor: Completed creation of image collage and saved to "/cache/temp/b3c441e583b14253ab870eb652426f06.png"
[2024-05-02 08:50:33.278 +00:00] [INF] [44] Emby.Server.Implementations.ScheduledTasks.TaskManager: "Escanear biblioteca multimedia" Completed after 0 minute(s) and 57 seconds
[2024-05-02 08:50:33.307 +00:00] [INF] [56] Emby.Server.Implementations.IO.LibraryMonitor: Watching directory "/media/Peliculas"
[2024-05-02 08:50:33.321 +00:00] [INF] [37] Emby.Server.Implementations.IO.LibraryMonitor: Watching directory "/media/Series"
[2024-05-02 08:50:33.322 +00:00] [INF] [44] Emby.Server.Implementations.ScheduledTasks.TaskManager: ExecuteQueuedTasks
[2024-05-02 08:50:33.466 +00:00] [INF] [57] Emby.Server.Implementations.IO.LibraryMonitor: Watching directory "/media/Musica"
[2024-05-02 20:49:36.010 +00:00] [INF] [38] Emby.Server.Implementations.ScheduledTasks.TaskManager: "IntervalTrigger" fired for task: "Escanear biblioteca multimedia"
[2024-05-02 20:49:36.011 +00:00] [INF] [38] Emby.Server.Implementations.ScheduledTasks.TaskManager: Queuing task "RefreshMediaLibraryTask"
[2024-05-02 20:49:36.013 +00:00] [INF] [24] Emby.Server.Implementations.ScheduledTasks.TaskManager: Executing "Escanear biblioteca multimedia"
[2024-05-02 20:49:36.013 +00:00] [INF] [24] Emby.Server.Implementations.IO.LibraryMonitor: Stopping directory watching for path "/media/Musica"
[2024-05-02 20:49:36.015 +00:00] [INF] [24] Emby.Server.Implementations.IO.LibraryMonitor: Stopping directory watching for path "/media/Peliculas"
[2024-05-02 20:49:36.015 +00:00] [INF] [24] Emby.Server.Implementations.IO.LibraryMonitor: Stopping directory watching for path "/media/Series"
[2024-05-02 20:49:36.015 +00:00] [INF] [24] Emby.Server.Implementations.Library.LibraryManager: Validating media library
[2024-05-02 20:50:33.826 +00:00] [INF] [25] Emby.Server.Implementations.ScheduledTasks.TaskManager: "Escanear biblioteca multimedia" Completed after 0 minute(s) and 57 seconds
[2024-05-02 20:50:33.828 +00:00] [INF] [25] Emby.Server.Implementations.ScheduledTasks.TaskManager: ExecuteQueuedTasks
[2024-05-02 20:50:33.829 +00:00] [INF] [39] Emby.Server.Implementations.IO.LibraryMonitor: Watching directory "/media/Peliculas"
[2024-05-02 20:50:33.955 +00:00] [INF] [55] Emby.Server.Implementations.IO.LibraryMonitor: Watching directory "/media/Series"
[2024-05-02 20:50:33.965 +00:00] [INF] [20] Emby.Server.Implementations.IO.LibraryMonitor: Watching directory "/media/Musica"
